# JRE version: OpenJDK Runtime Environment (11.0.15+10) (build 11.0.15+10-Ubuntu-0ubuntu0.20.04.1)
# Java VM: OpenJDK 64-Bit Server VM (11.0.15+10-Ubuntu-0ubuntu0.20.04.1, mixed mode, sharing, tiered, compressed oops, g1 gc, linux-amd64)
Heap:
 garbage-first heap   total 253952K, used 72454K [0x000000070a600000, 0x0000000800000000)
  region size 1024K, 39 young (39936K), 19 survivors (19456K)
 Metaspace       used 43513K, capacity 44825K, committed 45212K, reserved 1089536K
  class space    used 4983K, capacity 5540K, committed 5664K, reserved 1048576K
GC Heap History (20 events):
Event: 8,509 GC heap before
{Heap before GC invocations=9 (full 0):
 garbage-first heap   total 253952K, used 173823K [0x000000070a600000, 0x0000000800000000)
  region size 1024K, 147 young (150528K), 3 survivors (3072K)
 Metaspace       used 41609K, capacity 42846K, committed 43292K, reserved 1087488K
  class space    used 4955K, capacity 5483K, committed 5536K, reserved 1048576K
}
Event: 8,512 GC heap after
{Heap after GC invocations=10 (full 0):
 garbage-first heap   total 253952K, used 27988K [0x000000070a600000, 0x0000000800000000)
  region size 1024K, 4 young (4096K), 4 survivors (4096K)
 Metaspace       used 41609K, capacity 42846K, committed 43292K, reserved 1087488K
  class space    used 4955K, capacity 5483K, committed 5536K, reserved 1048576K
}
Event: 8,934 GC heap before
{Heap before GC invocations=10 (full 0):
 garbage-first heap   total 253952K, used 173396K [0x000000070a600000, 0x0000000800000000)
  region size 1024K, 147 young (150528K), 4 survivors (4096K)
 Metaspace       used 41619K, capacity 42846K, committed 43292K, reserved 1087488K
  class space    used 4955K, capacity 5483K, committed 5536K, reserved 1048576K
}
Event: 8,937 GC heap after
{Heap after GC invocations=11 (full 0):
 garbage-first heap   total 253952K, used 27839K [0x000000070a600000, 0x0000000800000000)
  region size 1024K, 4 young (4096K), 4 survivors (4096K)
 Metaspace       used 41619K, capacity 42846K, committed 43292K, reserved 1087488K
  class space    used 4955K, capacity 5483K, committed 5536K, reserved 1048576K
}
Event: 9,320 GC heap before
{Heap before GC invocations=11 (full 0):
 garbage-first heap   total 253952K, used 173247K [0x000000070a600000, 0x0000000800000000)
  region size 1024K, 147 young (150528K), 4 survivors (4096K)
 Metaspace       used 41627K, capacity 42910K, committed 43292K, reserved 1087488K
  class space    used 4955K, capacity 5483K, committed 5536K, reserved 1048576K
}
Event: 9,322 GC heap after
{Heap after GC invocations=12 (full 0):
 garbage-first heap   total 253952K, used 28096K [0x000000070a600000, 0x0000000800000000)
  region size 1024K, 4 young (4096K), 4 survivors (4096K)
 Metaspace       used 41627K, capacity 42910K, committed 43292K, reserved 1087488K
  class space    used 4955K, capacity 5483K, committed 5536K, reserved 1048576K
}
Event: 9,719 GC heap before
{Heap before GC invocations=12 (full 0):
 garbage-first heap   total 253952K, used 173504K [0x000000070a600000, 0x0000000800000000)
  region size 1024K, 147 young (150528K), 4 survivors (4096K)
 Metaspace       used 41640K, capacity 42910K, committed 43292K, reserved 1087488K
  class space    used 4955K, capacity 5483K, committed 5536K, reserved 1048576K
}
Event: 9,722 GC heap after
{Heap after GC invocations=13 (full 0):
 garbage-first heap   total 253952K, used 28438K [0x000000070a600000, 0x0000000800000000)
  region size 1024K, 4 young (4096K), 4 survivors (4096K)
 Metaspace       used 41640K, capacity 42910K, committed 43292K, reserved 1087488K
  class space    used 4955K, capacity 5483K, committed 5536K, reserved 1048576K
}
Event: 10,119 GC heap before
{Heap before GC invocations=13 (full 0):
 garbage-first heap   total 253952K, used 173846K [0x000000070a600000, 0x0000000800000000)
  region size 1024K, 147 young (150528K), 4 survivors (4096K)
 Metaspace       used 41644K, capacity 42910K, committed 43292K, reserved 1087488K
  class space    used 4955K, capacity 5483K, committed 5536K, reserved 1048576K
}
Event: 10,121 GC heap after
{Heap after GC invocations=14 (full 0):
 garbage-first heap   total 253952K, used 28805K [0x000000070a600000, 0x0000000800000000)
  region size 1024K, 4 young (4096K), 4 survivors (4096K)
 Metaspace       used 41644K, capacity 42910K, committed 43292K, reserved 1087488K
  class space    used 4955K, capacity 5483K, committed 5536K, reserved 1048576K
}
Event: 10,517 GC heap before
{Heap before GC invocations=14 (full 0):
 garbage-first heap   total 253952K, used 174213K [0x000000070a600000, 0x0000000800000000)
  region size 1024K, 147 young (150528K), 4 survivors (4096K)
 Metaspace       used 41651K, capacity 42910K, committed 43292K, reserved 1087488K
  class space    used 4955K, capacity 5483K, committed 5536K, reserved 1048576K
}
Event: 10,519 GC heap after
{Heap after GC invocations=15 (full 0):
 garbage-first heap   total 253952K, used 28885K [0x000000070a600000, 0x0000000800000000)
  region size 1024K, 5 young (5120K), 5 survivors (5120K)
 Metaspace       used 41651K, capacity 42910K, committed 43292K, reserved 1087488K
  class space    used 4955K, capacity 5483K, committed 5536K, reserved 1048576K
}
Event: 10,915 GC heap before
{Heap before GC invocations=15 (full 0):
 garbage-first heap   total 253952K, used 173269K [0x000000070a600000, 0x0000000800000000)
  region size 1024K, 147 young (150528K), 5 survivors (5120K)
 Metaspace       used 41660K, capacity 42974K, committed 43292K, reserved 1087488K
  class space    used 4955K, capacity 5483K, committed 5536K, reserved 1048576K
}
Event: 10,917 GC heap after
{Heap after GC invocations=16 (full 0):
 garbage-first heap   total 253952K, used 28889K [0x000000070a600000, 0x0000000800000000)
  region size 1024K, 5 young (5120K), 5 survivors (5120K)
 Metaspace       used 41660K, capacity 42974K, committed 43292K, reserved 1087488K
  class space    used 4955K, capacity 5483K, committed 5536K, reserved 1048576K
}
Event: 11,286 GC heap before
{Heap before GC invocations=16 (full 0):
 garbage-first heap   total 253952K, used 173273K [0x000000070a600000, 0x0000000800000000)
  region size 1024K, 147 young (150528K), 5 survivors (5120K)
 Metaspace       used 41685K, capacity 42974K, committed 43292K, reserved 1087488K
  class space    used 4955K, capacity 5483K, committed 5536K, reserved 1048576K
}
Event: 11,289 GC heap after
{Heap after GC invocations=17 (full 0):
 garbage-first heap   total 253952K, used 29252K [0x000000070a600000, 0x0000000800000000)
  region size 1024K, 5 young (5120K), 5 survivors (5120K)
 Metaspace       used 41685K, capacity 42974K, committed 43292K, reserved 1087488K
  class space    used 4955K, capacity 5483K, committed 5536K, reserved 1048576K
}
Event: 25,403 GC heap before
{Heap before GC invocations=17 (full 0):
 garbage-first heap   total 253952K, used 173636K [0x000000070a600000, 0x0000000800000000)
  region size 1024K, 147 young (150528K), 5 survivors (5120K)
 Metaspace       used 42799K, capacity 44075K, committed 44316K, reserved 1087488K
  class space    used 4974K, capacity 5501K, committed 5536K, reserved 1048576K
}
Event: 25,410 GC heap after
{Heap after GC invocations=18 (full 0):
 garbage-first heap   total 253952K, used 39912K [0x000000070a600000, 0x0000000800000000)
  region size 1024K, 15 young (15360K), 15 survivors (15360K)
 Metaspace       used 42799K, capacity 44075K, committed 44316K, reserved 1087488K
  class space    used 4974K, capacity 5501K, committed 5536K, reserved 1048576K
}
Event: 33,874 GC heap before
{Heap before GC invocations=18 (full 0):
 garbage-first heap   total 253952K, used 174056K [0x000000070a600000, 0x0000000800000000)
  region size 1024K, 147 young (150528K), 15 survivors (15360K)
 Metaspace       used 43367K, capacity 44645K, committed 44828K, reserved 1089536K
  class space    used 4978K, capacity 5508K, committed 5536K, reserved 1048576K
}
Event: 33,888 GC heap after
{Heap after GC invocations=19 (full 0):
 garbage-first heap   total 253952K, used 52998K [0x000000070a600000, 0x0000000800000000)
  region size 1024K, 19 young (19456K), 19 survivors (19456K)
 Metaspace       used 43367K, capacity 44645K, committed 44828K, reserved 1089536K
  class space    used 4978K, capacity 5508K, committed 5536K, reserved 1048576K
}

